<?xml version="1.0" encoding="UTF-8"?>
<testng-results ignored="3" total="4" passed="1" failed="0" skipped="0">
  <reporter-output>
  </reporter-output>
  <suite started-at="2025-09-11T20:55:41 EET" name="Default suite" finished-at="2025-09-11T20:55:46 EET" duration-ms="4622">
    <groups>
    </groups>
    <test started-at="2025-09-11T20:55:41 EET" name="Default test" finished-at="2025-09-11T20:55:46 EET" duration-ms="4622">
      <class name="Automation.MyTestCases">
        <test-method is-config="true" signature="mySetup()[pri:0, instance:Automation.MyTestCases@784c3487]" started-at="2025-09-11T20:55:41 EET" name="mySetup" finished-at="2025-09-11T20:55:43 EET" duration-ms="2338" status="PASS">
          <reporter-output>
          </reporter-output>
        </test-method> <!-- mySetup -->
        <test-method signature="AddItemToTheCart()[pri:4, instance:Automation.MyTestCases@784c3487]" started-at="2025-09-11T20:55:43 EET" name="AddItemToTheCart" finished-at="2025-09-11T20:55:46 EET" duration-ms="2224" status="PASS">
          <reporter-output>
          </reporter-output>
        </test-method> <!-- AddItemToTheCart -->
        <test-method is-config="true" signature="AfterMyTest()[pri:0, instance:Automation.MyTestCases@784c3487]" started-at="2025-09-11T20:55:46 EET" name="AfterMyTest" finished-at="2025-09-11T20:55:46 EET" duration-ms="1" status="PASS">
          <reporter-output>
          </reporter-output>
        </test-method> <!-- AfterMyTest -->
      </class> <!-- Automation.MyTestCases -->
    </test> <!-- Default test -->
  </suite> <!-- Default suite -->
</testng-results>
