<?xml version="1.0" encoding="UTF-8"?>
<testng-results ignored="0" total="4" passed="4" failed="0" skipped="0">
  <reporter-output>
  </reporter-output>
  <suite started-at="2025-09-18T16:57:49 EET" name="Default suite" finished-at="2025-09-18T16:57:51 EET" duration-ms="1991">
    <groups>
    </groups>
    <test started-at="2025-09-18T16:57:49 EET" name="Default test" finished-at="2025-09-18T16:57:51 EET" duration-ms="1991">
      <class name="Automation.myData">
        <test-method is-config="true" signature="myBeforeTest()[pri:0, instance:Automation.myData@44e3a2b2]" started-at="2025-09-18T16:57:49 EET" name="myBeforeTest" finished-at="2025-09-18T16:57:51 EET" duration-ms="1835" status="PASS">
          <reporter-output>
          </reporter-output>
        </test-method> <!-- myBeforeTest -->
        <test-method signature="AddNewRecord()[pri:1, instance:Automation.myData@44e3a2b2]" started-at="2025-09-18T16:57:51 EET" name="AddNewRecord" finished-at="2025-09-18T16:57:51 EET" duration-ms="29" status="PASS">
          <reporter-output>
          </reporter-output>
        </test-method> <!-- AddNewRecord -->
        <test-method signature="updateData()[pri:2, instance:Automation.myData@44e3a2b2]" started-at="2025-09-18T16:57:51 EET" name="updateData" finished-at="2025-09-18T16:57:51 EET" duration-ms="8" status="PASS">
          <reporter-output>
          </reporter-output>
        </test-method> <!-- updateData -->
        <test-method signature="readData()[pri:3, instance:Automation.myData@44e3a2b2]" started-at="2025-09-18T16:57:51 EET" name="readData" finished-at="2025-09-18T16:57:51 EET" duration-ms="45" status="PASS">
          <reporter-output>
          </reporter-output>
        </test-method> <!-- readData -->
        <test-method signature="deleteData()[pri:4, instance:Automation.myData@44e3a2b2]" started-at="2025-09-18T16:57:51 EET" name="deleteData" finished-at="2025-09-18T16:57:51 EET" duration-ms="6" status="PASS">
          <reporter-output>
          </reporter-output>
        </test-method> <!-- deleteData -->
      </class> <!-- Automation.myData -->
    </test> <!-- Default test -->
  </suite> <!-- Default suite -->
</testng-results>
